Arguments: 
  C:\Program Files\nodejs\node.exe C:\Users\vadim\AppData\Roaming\npm\node_modules\yarn\bin\yarn.js add front-matter

PATH: 
  C:\Program Files\Git\mingw64\bin;C:\Program Files\Git\usr\bin;C:\Users\vadim\bin;C:\Program Files\Eclipse Adoptium\jdk-17.0.1.12-hotspot\bin;C:\Python310\Scripts;C:\Python310;C:\Program Files (x86)\Razer\ChromaBroadcast\bin;C:\Program Files\Razer\ChromaBroadcast\bin;C:\Users\vadim\AppData\Local\ImageMagick-7.0.11-Q16-HDRI;C:\Program Files (x86)\Common Files\Oracle\Java\javapath;C:\Program Files (x86)\Intel\iCLS Client;C:\Program Files\Intel\iCLS Client;C:\WINDOWS\system32;C:\WINDOWS;C:\WINDOWS\System32\Wbem;C:\WINDOWS\System32\WindowsPowerShell\v1.0;C:\Program Files (x86)\Intel\Intel(R) Management Engine Components\DAL;C:\Program Files\Intel\Intel(R) Management Engine Components\DAL;C:\Program Files (x86)\Intel\Intel(R) Management Engine Components\IPT;C:\Program Files\Intel\Intel(R) Management Engine Components\IPT;C:\WINDOWS\System32\OpenSSH;C:\Program Files\Git\cmd;C:\ProgramData\chocolatey\bin;C:\MinGW\bin;C:\Users\vadim\Desktop\gforth-0.7.3;C:\Program Files\PuTTY;C:\Program Files\Docker\Docker\resources\bin;C:\ProgramData\DockerDesktop\version-bin;C:\Users\vadim\AppData\Local\erl10.7\bin;C:\Users\vadim\AppData\Local\Elixir\bin;C:\Users\vadim\.mix\escripts;C:\Users\vadim\AppData\Local\bin;C:\WINDOWS\system32\config\systemprofile\AppData\Local\Microsoft\WindowsApps;C:\WINDOWS\system32\config\systemprofile\.mix\escripts;C:\Program Files\nodejs;C:\Users\vadim\AppData\Roaming\local\bin;C:\Users\vadim\AppData\Local\Programs\Python\Python39\Scripts;C:\Users\vadim\AppData\Local\Programs\Python\Python39;C:\Users\vadim\AppData\Local\Microsoft\WindowsApps;C:\Users\vadim\AppData\Local\Programs\Microsoft_VS_Code\bin;C:\Users\vadim\AppData\Roaming\cabal\bin;C:\tools\msys64;C:\ProgramData\chocolatey\lib\ghc\tools\ghc-9.0.1\bin;C:\Users\vadim\AppData\Local\youtube-dl;C:\Users\vadim\AppData\Local\ffmpeg;C:\Users\vadim\AppData\Local\Streamlink;C:\Users\vadim\AppData\Local\Streamlink\bin;C:\Users\vadim\AppData\Local\mongodb\bin;C:\ProgramData\Microsoft\Windows\Start Menu\Programs\PostgreSQL 13;C:\Users\vadim\AppData\Local\PostgreSQL\13\bin;C:\Users\vadim\AppData\Local\GNU-Prolog\bin;C:\Users\vadim\AppData\Local\GitHubDesktop\bin;C:\Users\vadim\go\bin;C:\Users\vadim\AppData\Roaming\npm

Yarn version: 
  1.22.11

Node version: 
  16.13.0

Platform: 
  win32 x64

Trace: 
  Error: EPERM: operation not permitted, unlink 'C:\Users\vadim\Desktop\Study\Remix\tutorial-remix-app\node_modules\esbuild-windows-64\esbuild.exe'

npm manifest: 
  {
    "private": true,
    "name": "remix-app-template",
    "description": "",
    "license": "",
    "scripts": {
      "build": "remix build",
      "dev": "remix dev",
      "postinstall": "remix setup node",
      "start": "remix-serve build"
    },
    "dependencies": {
      "@remix-run/react": "^1.0.6",
      "react": "^17.0.2",
      "react-dom": "^17.0.2",
      "remix": "^1.0.6",
      "@remix-run/serve": "^1.0.6"
    },
    "devDependencies": {
      "@remix-run/dev": "^1.0.6",
      "@types/react": "^17.0.24",
      "@types/react-dom": "^17.0.9",
      "typescript": "^4.1.2"
    },
    "engines": {
      "node": ">=14"
    },
    "sideEffects": false
  }

yarn manifest: 
  No manifest

Lockfile: 
  No lockfile
